<?xml version="1.0" encoding="UTF-8"?>
<!-- Generated by org.testng.reporters.JUnitXMLReporter -->
<testsuite ignored="0" hostname="DESKTOP-JNN26VP" failures="0" tests="5" name="Test" time="94.568" errors="0" timestamp="2020-12-14T10:37:07 IST">
  <testcase classname="AppiumProject.GoogleTask1" name="Task1" time="7.747"/>
  <testcase classname="AppiumProject.GoogleTask1" name="Task2" time="4.561"/>
  <testcase classname="AppiumProject.GoogleTask1" name="Task3" time="4.373"/>
  <testcase classname="AppiumProject.GoogleKeep2" name="ReminderNote" time="18.583"/>
  <testcase classname="AppiumProject.GoogleKeep1" name="NewNote" time="14.794"/>
</testsuite> <!-- Test -->
