<?xml version="1.0" encoding="UTF-8"?>
<testng-results ignored="0" total="1" passed="1" failed="0" skipped="0">
  <reporter-output>
  </reporter-output>
  <suite started-at="2020-11-20T10:34:52 IST" name="Default suite" finished-at="2020-11-20T10:35:16 IST" duration-ms="24135">
    <groups>
    </groups>
    <test started-at="2020-11-20T10:34:52 IST" name="Default test" finished-at="2020-11-20T10:35:16 IST" duration-ms="24135">
      <class name="LMS_Project.Activity9">
        <test-method is-config="true" signature="OpenURL()[pri:0, instance:LMS_Project.Activity9@76f2bbc1]" started-at="2020-11-20T10:34:52 IST" name="OpenURL" finished-at="2020-11-20T10:35:04 IST" duration-ms="11781" status="PASS">
          <reporter-output>
          </reporter-output>
        </test-method> <!-- OpenURL -->
        <test-method signature="CompleteCourse()[pri:0, instance:LMS_Project.Activity9@76f2bbc1]" started-at="2020-11-20T10:35:04 IST" name="CompleteCourse" finished-at="2020-11-20T10:35:15 IST" duration-ms="11129" status="PASS">
          <reporter-output>
          </reporter-output>
        </test-method> <!-- CompleteCourse -->
        <test-method is-config="true" signature="afterMethod()[pri:0, instance:LMS_Project.Activity9@76f2bbc1]" started-at="2020-11-20T10:35:15 IST" name="afterMethod" finished-at="2020-11-20T10:35:16 IST" duration-ms="1180" status="PASS">
          <reporter-output>
          </reporter-output>
        </test-method> <!-- afterMethod -->
      </class> <!-- LMS_Project.Activity9 -->
    </test> <!-- Default test -->
  </suite> <!-- Default suite -->
</testng-results>
