<?xml version="1.0" encoding="UTF-8"?>
<!-- Generated by org.testng.reporters.JUnitXMLReporter -->
<testsuite ignored="0" hostname="DESKTOP-JNN26VP" failures="0" tests="3" name="Test" time="183.927" errors="0" timestamp="2020-12-14T11:58:02 IST">
  <testcase classname="AppiumProject.GoogleChrome1" name="chrome" time="33.195"/>
  <testcase classname="AppiumProject.GoogleChrome2" name="LoginPage" time="30.247"/>
  <testcase classname="AppiumProject.GoogleChrome3" name="PopupLogin" time="77.766"/>
</testsuite> <!-- Test -->
