<?xml version="1.0" encoding="UTF-8"?>
<testng-results ignored="0" total="5" passed="5" failed="0" skipped="0">
  <reporter-output>
  </reporter-output>
  <suite started-at="2020-12-14T10:35:33 IST" name="Suite" finished-at="2020-12-14T10:37:07 IST" duration-ms="94568">
    <groups>
    </groups>
    <test started-at="2020-12-14T10:35:33 IST" name="Test" finished-at="2020-12-14T10:37:07 IST" duration-ms="94568">
      <class name="AppiumProject.GoogleKeep2">
        <test-method is-config="true" signature="beforeClass()[pri:0, instance:AppiumProject.GoogleKeep2@4e096385]" started-at="2020-12-14T10:36:05 IST" name="beforeClass" finished-at="2020-12-14T10:36:19 IST" duration-ms="14136" status="PASS">
          <reporter-output>
          </reporter-output>
        </test-method> <!-- beforeClass -->
        <test-method signature="ReminderNote()[pri:0, instance:AppiumProject.GoogleKeep2@4e096385]" started-at="2020-12-14T10:36:19 IST" name="ReminderNote" finished-at="2020-12-14T10:36:38 IST" duration-ms="18583" status="PASS">
          <reporter-output>
          </reporter-output>
        </test-method> <!-- ReminderNote -->
        <test-method is-config="true" signature="afterClass()[pri:0, instance:AppiumProject.GoogleKeep2@4e096385]" started-at="2020-12-14T10:36:38 IST" name="afterClass" finished-at="2020-12-14T10:36:38 IST" duration-ms="361" status="PASS">
          <reporter-output>
          </reporter-output>
        </test-method> <!-- afterClass -->
      </class> <!-- AppiumProject.GoogleKeep2 -->
      <class name="AppiumProject.GoogleKeep1">
        <test-method is-config="true" signature="beforeClass()[pri:0, instance:AppiumProject.GoogleKeep1@649bec2e]" started-at="2020-12-14T10:36:38 IST" name="beforeClass" finished-at="2020-12-14T10:36:52 IST" duration-ms="14139" status="PASS">
          <reporter-output>
          </reporter-output>
        </test-method> <!-- beforeClass -->
        <test-method signature="NewNote()[pri:0, instance:AppiumProject.GoogleKeep1@649bec2e]" started-at="2020-12-14T10:36:52 IST" name="NewNote" finished-at="2020-12-14T10:37:07 IST" duration-ms="14794" status="PASS">
          <reporter-output>
          </reporter-output>
        </test-method> <!-- NewNote -->
        <test-method is-config="true" signature="afterClass()[pri:0, instance:AppiumProject.GoogleKeep1@649bec2e]" started-at="2020-12-14T10:37:07 IST" name="afterClass" finished-at="2020-12-14T10:37:07 IST" duration-ms="0" status="PASS">
          <reporter-output>
          </reporter-output>
        </test-method> <!-- afterClass -->
      </class> <!-- AppiumProject.GoogleKeep1 -->
      <class name="AppiumProject.GoogleTask1">
        <test-method is-config="true" signature="beforeClass()[pri:0, instance:AppiumProject.GoogleTask1@27ff5d15]" started-at="2020-12-14T10:35:33 IST" name="beforeClass" finished-at="2020-12-14T10:35:48 IST" duration-ms="15384" status="PASS">
          <reporter-output>
          </reporter-output>
        </test-method> <!-- beforeClass -->
        <test-method signature="Task1()[pri:0, instance:AppiumProject.GoogleTask1@27ff5d15]" started-at="2020-12-14T10:35:48 IST" name="Task1" finished-at="2020-12-14T10:35:56 IST" duration-ms="7747" status="PASS">
          <reporter-output>
          </reporter-output>
        </test-method> <!-- Task1 -->
        <test-method signature="Task2()[pri:0, instance:AppiumProject.GoogleTask1@27ff5d15]" started-at="2020-12-14T10:35:56 IST" name="Task2" finished-at="2020-12-14T10:36:00 IST" duration-ms="4561" status="PASS">
          <reporter-output>
          </reporter-output>
        </test-method> <!-- Task2 -->
        <test-method signature="Task3()[pri:0, instance:AppiumProject.GoogleTask1@27ff5d15]" started-at="2020-12-14T10:36:00 IST" name="Task3" finished-at="2020-12-14T10:36:05 IST" duration-ms="4373" status="PASS">
          <reporter-output>
          </reporter-output>
        </test-method> <!-- Task3 -->
        <test-method is-config="true" signature="afterClass()[pri:0, instance:AppiumProject.GoogleTask1@27ff5d15]" started-at="2020-12-14T10:36:05 IST" name="afterClass" finished-at="2020-12-14T10:36:05 IST" duration-ms="419" status="PASS">
          <reporter-output>
          </reporter-output>
        </test-method> <!-- afterClass -->
      </class> <!-- AppiumProject.GoogleTask1 -->
    </test> <!-- Test -->
  </suite> <!-- Suite -->
</testng-results>
